<?xml version="1.0" encoding="UTF-8"?>
<!-- Generated by org.testng.reporters.JUnitReportReporter -->
<testsuite skipped="0" hostname="BLRDRIGWN24290" name="com.hrdocument.tests.VerifyVersion" tests="1" failures="0" timestamp="24 Jul 2017 12:26:51 GMT" time="22.861" errors="0">
  <testcase name="testVerifyVersion" time="22.861" classname="com.hrdocument.tests.VerifyVersion"/>
</testsuite> <!-- com.hrdocument.tests.VerifyVersion -->
