<?xml version="1.0" encoding="UTF-8"?>
<!-- Generated by org.testng.reporters.JUnitReportReporter -->
<testsuite skipped="0" hostname="BLRDRIGWN24290" name="com.hrdocument.tests.ValidLoginLogout" tests="1" failures="0" timestamp="27 Jul 2017 12:46:06 GMT" time="17.828" errors="0">
  <testcase name="testValidLoginLogout" time="17.828" classname="com.hrdocument.tests.ValidLoginLogout"/>
</testsuite> <!-- com.hrdocument.tests.ValidLoginLogout -->
