<?xml version="1.0" encoding="UTF-8"?>
<!-- Generated by org.testng.reporters.JUnitReportReporter -->
<testsuite skipped="0" hostname="BLRDRIGWN24290" name="com.hrdocument.tests.VerifyVersion" tests="1" failures="0" timestamp="27 Jul 2017 12:46:06 GMT" time="20.106" errors="0">
  <testcase name="testVerifyVersion" time="20.106" classname="com.hrdocument.tests.VerifyVersion"/>
</testsuite> <!-- com.hrdocument.tests.VerifyVersion -->
