<?xml version="1.0" encoding="UTF-8"?>
<!-- Generated by org.testng.reporters.JUnitReportReporter -->
<testsuite skipped="0" hostname="BLRDRIGWN24290" name="com.hrdocument.tests.Demo2" tests="1" failures="0" timestamp="17 Jul 2017 13:22:45 GMT" time="18.217" errors="0">
  <testcase name="testt" time="18.217" classname="com.hrdocument.tests.Demo2"/>
</testsuite> <!-- com.hrdocument.tests.Demo2 -->
