<?xml version="1.0" encoding="UTF-8"?>
<!-- Generated by org.testng.reporters.JUnitReportReporter -->
<testsuite skipped="0" hostname="BLRDRIGWN24290" name="com.hrdocument.tests.InvalidLogin" tests="1" failures="0" timestamp="27 Jul 2017 12:46:06 GMT" time="27.514" errors="0">
  <testcase name="testInvalidLogin" time="27.514" classname="com.hrdocument.tests.InvalidLogin"/>
</testsuite> <!-- com.hrdocument.tests.InvalidLogin -->
